
10
1000010
2000010
3000010
4000010
5000010
6000010
7000010
8000010
9000010
10000010
11000010
12000010
13000010
14000010
15000010
16000010
17000010
18000010
19000010
20000010
21000010
22000010
23000010
24000010
25000010
26000010
27000010
28000010
29000010
30000010
31000010
32000010
33000010
34000010
35000010
36000010
37000010
38000010
39000010
40000010
41000010
42000010
43000010
44000010
45000010
46000010
47000010
48000010
49000010
50000010
51000010
52000010
53000010
54000010
